<?xml version="1.0" encoding="UTF-8"?>
<testng-results ignored="0" total="14" passed="13" failed="1" skipped="0">
  <reporter-output>
  </reporter-output>
  <suite started-at="2025-03-21T22:12:57 IST" name="Suite" finished-at="2025-03-21T22:13:48 IST" duration-ms="51219">
    <groups>
      <group name="cucumber">
        <method signature="AbstractTestNGCucumberTests.runScenario(io.cucumber.testng.PickleWrapper,io.cucumber.testng.FeatureWrapper)[pri:0, instance:com.demowebshop.runner.DemowebshopRunnerTestCase@5a59ca5e]" name="runScenario" class="io.cucumber.testng.AbstractTestNGCucumberTests"/>
      </group> <!-- cucumber -->
    </groups>
    <test started-at="2025-03-21T22:12:57 IST" name="Test" finished-at="2025-03-21T22:13:48 IST" duration-ms="51219">
      <class name="com.demowebshop.runner.DemowebshopRunnerTestCase">
        <test-method is-config="true" signature="setUpClass(org.testng.ITestContext)[pri:0, instance:com.demowebshop.runner.DemowebshopRunnerTestCase@5a59ca5e]" started-at="2025-03-21T22:12:57 IST" name="setUpClass" finished-at="2025-03-21T22:13:04 IST" duration-ms="7159" status="PASS">
          <params>
            <param index="0">
              <value>
                <![CDATA[org.testng.TestRunner@63c99f7]]>
              </value>
            </param>
          </params>
          <reporter-output>
          </reporter-output>
        </test-method> <!-- setUpClass -->
        <test-method signature="runScenario(io.cucumber.testng.PickleWrapper,io.cucumber.testng.FeatureWrapper)[pri:0, instance:com.demowebshop.runner.DemowebshopRunnerTestCase@5a59ca5e]" started-at="2025-03-21T22:13:04 IST" name="runScenario" description="Runs Cucumber Scenarios" data-provider="scenarios" finished-at="2025-03-21T22:13:08 IST" duration-ms="3820" status="PASS">
          <params>
            <param index="0">
              <value>
                <![CDATA["Successful Registration"]]>
              </value>
            </param>
            <param index="1">
              <value>
                <![CDATA["Home Page Verification,Search Functionality and product details verification"]]>
              </value>
            </param>
          </params>
          <reporter-output>
          </reporter-output>
        </test-method> <!-- runScenario -->
        <test-method signature="runScenario(io.cucumber.testng.PickleWrapper,io.cucumber.testng.FeatureWrapper)[pri:0, instance:com.demowebshop.runner.DemowebshopRunnerTestCase@5a59ca5e]" started-at="2025-03-21T22:13:08 IST" name="runScenario" description="Runs Cucumber Scenarios" data-provider="scenarios" finished-at="2025-03-21T22:13:10 IST" duration-ms="2128" status="PASS">
          <params>
            <param index="0">
              <value>
                <![CDATA["Login with valid credentials"]]>
              </value>
            </param>
            <param index="1">
              <value>
                <![CDATA["Home Page Verification,Search Functionality and product details verification"]]>
              </value>
            </param>
          </params>
          <reporter-output>
          </reporter-output>
        </test-method> <!-- runScenario -->
        <test-method signature="runScenario(io.cucumber.testng.PickleWrapper,io.cucumber.testng.FeatureWrapper)[pri:0, instance:com.demowebshop.runner.DemowebshopRunnerTestCase@5a59ca5e]" started-at="2025-03-21T22:13:10 IST" name="runScenario" description="Runs Cucumber Scenarios" data-provider="scenarios" finished-at="2025-03-21T22:13:11 IST" duration-ms="487" status="FAIL">
          <params>
            <param index="0">
              <value>
                <![CDATA["Verify the display of major sections on the home page"]]>
              </value>
            </param>
            <param index="1">
              <value>
                <![CDATA["Home Page Verification,Search Functionality and product details verification"]]>
              </value>
            </param>
          </params>
          <exception class="java.lang.AssertionError">
            <message>
              <![CDATA[Bug:'Top Products' section is missing on the homepage. Expected section not found.]]>
            </message>
            <full-stacktrace>
              <![CDATA[java.lang.AssertionError: Bug:'Top Products' section is missing on the homepage. Expected section not found.
at org.testng.Assert.fail(Assert.java:111)
at com.demowebshop.stepdefinition.HomeSearchSteps.user_verifies_top_products_section(HomeSearchSteps.java:57)
at âœ½.user verifies the presence of Top Products section(file:///D:/JAVA%20PRACTISE%20PROGRAMS/WIPRO%20-%20SELENIUM/CapstoneProject%20-%20DemoWebShop/src/test/resources/features/DwsHomeSearchProduct.feature:43)
]]>
            </full-stacktrace>
          </exception> <!-- java.lang.AssertionError -->
          <reporter-output>
          </reporter-output>
        </test-method> <!-- runScenario -->
        <test-method signature="runScenario(io.cucumber.testng.PickleWrapper,io.cucumber.testng.FeatureWrapper)[pri:0, instance:com.demowebshop.runner.DemowebshopRunnerTestCase@5a59ca5e]" started-at="2025-03-21T22:13:11 IST" name="runScenario" description="Runs Cucumber Scenarios" data-provider="scenarios" finished-at="2025-03-21T22:13:12 IST" duration-ms="1343" status="PASS">
          <params>
            <param index="0">
              <value>
                <![CDATA["Search for a product using the search bar"]]>
              </value>
            </param>
            <param index="1">
              <value>
                <![CDATA["Home Page Verification,Search Functionality and product details verification"]]>
              </value>
            </param>
          </params>
          <reporter-output>
          </reporter-output>
        </test-method> <!-- runScenario -->
        <test-method signature="runScenario(io.cucumber.testng.PickleWrapper,io.cucumber.testng.FeatureWrapper)[pri:0, instance:com.demowebshop.runner.DemowebshopRunnerTestCase@5a59ca5e]" started-at="2025-03-21T22:13:12 IST" name="runScenario" description="Runs Cucumber Scenarios" data-provider="scenarios" finished-at="2025-03-21T22:13:17 IST" duration-ms="5279" status="PASS">
          <params>
            <param index="0">
              <value>
                <![CDATA["Search and apply filters for different products"]]>
              </value>
            </param>
            <param index="1">
              <value>
                <![CDATA["Home Page Verification,Search Functionality and product details verification"]]>
              </value>
            </param>
          </params>
          <reporter-output>
          </reporter-output>
        </test-method> <!-- runScenario -->
        <test-method signature="runScenario(io.cucumber.testng.PickleWrapper,io.cucumber.testng.FeatureWrapper)[pri:0, instance:com.demowebshop.runner.DemowebshopRunnerTestCase@5a59ca5e]" started-at="2025-03-21T22:13:17 IST" name="runScenario" description="Runs Cucumber Scenarios" data-provider="scenarios" finished-at="2025-03-21T22:13:22 IST" duration-ms="4516" status="PASS">
          <params>
            <param index="0">
              <value>
                <![CDATA["Search and apply filters for different products"]]>
              </value>
            </param>
            <param index="1">
              <value>
                <![CDATA["Home Page Verification,Search Functionality and product details verification"]]>
              </value>
            </param>
          </params>
          <reporter-output>
          </reporter-output>
        </test-method> <!-- runScenario -->
        <test-method signature="runScenario(io.cucumber.testng.PickleWrapper,io.cucumber.testng.FeatureWrapper)[pri:0, instance:com.demowebshop.runner.DemowebshopRunnerTestCase@5a59ca5e]" started-at="2025-03-21T22:13:22 IST" name="runScenario" description="Runs Cucumber Scenarios" data-provider="scenarios" finished-at="2025-03-21T22:13:23 IST" duration-ms="1190" status="PASS">
          <params>
            <param index="0">
              <value>
                <![CDATA["Validate product details on the product details page"]]>
              </value>
            </param>
            <param index="1">
              <value>
                <![CDATA["Home Page Verification,Search Functionality and product details verification"]]>
              </value>
            </param>
          </params>
          <reporter-output>
          </reporter-output>
        </test-method> <!-- runScenario -->
        <test-method signature="runScenario(io.cucumber.testng.PickleWrapper,io.cucumber.testng.FeatureWrapper)[pri:0, instance:com.demowebshop.runner.DemowebshopRunnerTestCase@5a59ca5e]" started-at="2025-03-21T22:13:23 IST" name="runScenario" description="Runs Cucumber Scenarios" data-provider="scenarios" finished-at="2025-03-21T22:13:28 IST" duration-ms="4699" status="PASS">
          <params>
            <param index="0">
              <value>
                <![CDATA["Manage Shopping Cart (Update & Remove)"]]>
              </value>
            </param>
            <param index="1">
              <value>
                <![CDATA["Testing the entire flow from adding items to the cart to completing a purchase."]]>
              </value>
            </param>
          </params>
          <reporter-output>
          </reporter-output>
        </test-method> <!-- runScenario -->
        <test-method signature="runScenario(io.cucumber.testng.PickleWrapper,io.cucumber.testng.FeatureWrapper)[pri:0, instance:com.demowebshop.runner.DemowebshopRunnerTestCase@5a59ca5e]" started-at="2025-03-21T22:13:28 IST" name="runScenario" description="Runs Cucumber Scenarios" data-provider="scenarios" finished-at="2025-03-21T22:13:37 IST" duration-ms="9361" status="PASS">
          <params>
            <param index="0">
              <value>
                <![CDATA["Completing an order with valid billing, shipping, and payment details"]]>
              </value>
            </param>
            <param index="1">
              <value>
                <![CDATA["Testing the entire flow from adding items to the cart to completing a purchase."]]>
              </value>
            </param>
          </params>
          <reporter-output>
          </reporter-output>
        </test-method> <!-- runScenario -->
        <test-method signature="runScenario(io.cucumber.testng.PickleWrapper,io.cucumber.testng.FeatureWrapper)[pri:0, instance:com.demowebshop.runner.DemowebshopRunnerTestCase@5a59ca5e]" started-at="2025-03-21T22:13:37 IST" name="runScenario" description="Runs Cucumber Scenarios" data-provider="scenarios" finished-at="2025-03-21T22:13:39 IST" duration-ms="1653" status="PASS">
          <params>
            <param index="0">
              <value>
                <![CDATA["Invalid Registration"]]>
              </value>
            </param>
            <param index="1">
              <value>
                <![CDATA["Login and Registration Functionality"]]>
              </value>
            </param>
          </params>
          <reporter-output>
          </reporter-output>
        </test-method> <!-- runScenario -->
        <test-method signature="runScenario(io.cucumber.testng.PickleWrapper,io.cucumber.testng.FeatureWrapper)[pri:0, instance:com.demowebshop.runner.DemowebshopRunnerTestCase@5a59ca5e]" started-at="2025-03-21T22:13:39 IST" name="runScenario" description="Runs Cucumber Scenarios" data-provider="scenarios" finished-at="2025-03-21T22:13:41 IST" duration-ms="1726" status="PASS">
          <params>
            <param index="0">
              <value>
                <![CDATA["Login with invalid credentials"]]>
              </value>
            </param>
            <param index="1">
              <value>
                <![CDATA["Login and Registration Functionality"]]>
              </value>
            </param>
          </params>
          <reporter-output>
          </reporter-output>
        </test-method> <!-- runScenario -->
        <test-method signature="runScenario(io.cucumber.testng.PickleWrapper,io.cucumber.testng.FeatureWrapper)[pri:0, instance:com.demowebshop.runner.DemowebshopRunnerTestCase@5a59ca5e]" started-at="2025-03-21T22:13:41 IST" name="runScenario" description="Runs Cucumber Scenarios" data-provider="scenarios" finished-at="2025-03-21T22:13:42 IST" duration-ms="1748" status="PASS">
          <params>
            <param index="0">
              <value>
                <![CDATA["Login with invalid email"]]>
              </value>
            </param>
            <param index="1">
              <value>
                <![CDATA["Login and Registration Functionality"]]>
              </value>
            </param>
          </params>
          <reporter-output>
          </reporter-output>
        </test-method> <!-- runScenario -->
        <test-method signature="runScenario(io.cucumber.testng.PickleWrapper,io.cucumber.testng.FeatureWrapper)[pri:0, instance:com.demowebshop.runner.DemowebshopRunnerTestCase@5a59ca5e]" started-at="2025-03-21T22:13:42 IST" name="runScenario" description="Runs Cucumber Scenarios" data-provider="scenarios" finished-at="2025-03-21T22:13:45 IST" duration-ms="2272" status="PASS">
          <params>
            <param index="0">
              <value>
                <![CDATA["Recovering the Password"]]>
              </value>
            </param>
            <param index="1">
              <value>
                <![CDATA["Login and Registration Functionality"]]>
              </value>
            </param>
          </params>
          <reporter-output>
          </reporter-output>
        </test-method> <!-- runScenario -->
        <test-method signature="runScenario(io.cucumber.testng.PickleWrapper,io.cucumber.testng.FeatureWrapper)[pri:0, instance:com.demowebshop.runner.DemowebshopRunnerTestCase@5a59ca5e]" started-at="2025-03-21T22:13:45 IST" name="runScenario" description="Runs Cucumber Scenarios" data-provider="scenarios" finished-at="2025-03-21T22:13:47 IST" duration-ms="2499" status="PASS">
          <params>
            <param index="0">
              <value>
                <![CDATA["Search with no matching results"]]>
              </value>
            </param>
            <param index="1">
              <value>
                <![CDATA["Login and Registration Functionality"]]>
              </value>
            </param>
          </params>
          <reporter-output>
          </reporter-output>
        </test-method> <!-- runScenario -->
        <test-method is-config="true" signature="tearDownClass()[pri:0, instance:com.demowebshop.runner.DemowebshopRunnerTestCase@5a59ca5e]" started-at="2025-03-21T22:13:47 IST" name="tearDownClass" finished-at="2025-03-21T22:13:48 IST" duration-ms="1230" status="PASS">
          <reporter-output>
          </reporter-output>
        </test-method> <!-- tearDownClass -->
      </class> <!-- com.demowebshop.runner.DemowebshopRunnerTestCase -->
    </test> <!-- Test -->
  </suite> <!-- Suite -->
</testng-results>
