<?xml version="1.0" encoding="UTF-8"?>
<!-- Generated by org.testng.reporters.JUnitReportReporter -->
<testsuite hostname="kirubavathi" failures="1" tests="14" name="com.demowebshop.runner.EndtoEndRunnerTestCase" time="34.522" errors="0" timestamp="2025-03-21T21:17:49 IST" skipped="0">
  <testcase classname="com.demowebshop.runner.EndtoEndRunnerTestCase" name="runScenario" time="1.293"/>
  <testcase classname="com.demowebshop.runner.EndtoEndRunnerTestCase" name="runScenario" time="2.183"/>
  <testcase classname="com.demowebshop.runner.EndtoEndRunnerTestCase" name="runScenario" time="4.649"/>
  <testcase classname="com.demowebshop.runner.EndtoEndRunnerTestCase" name="runScenario" time="1.608"/>
  <testcase classname="com.demowebshop.runner.EndtoEndRunnerTestCase" name="runScenario" time="4.273"/>
  <testcase classname="com.demowebshop.runner.EndtoEndRunnerTestCase" name="runScenario" time="1.002"/>
  <testcase classname="com.demowebshop.runner.EndtoEndRunnerTestCase" name="runScenario" time="3.439"/>
  <testcase classname="com.demowebshop.runner.EndtoEndRunnerTestCase" name="runScenario" time="1.084"/>
  <testcase classname="com.demowebshop.runner.EndtoEndRunnerTestCase" name="runScenario" time="0.348">
    <failure message="Bug:&#039;Top Products&#039; section is missing on the homepage. Expected section not found." type="java.lang.AssertionError">
      <![CDATA[java.lang.AssertionError: Bug:'Top Products' section is missing on the homepage. Expected section not found.
at org.testng.Assert.fail(Assert.java:111)
at com.demowebshop.stepdefinition.HomeSearchSteps.user_verifies_top_products_section(HomeSearchSteps.java:57)
at âœ½.user verifies the presence of Top Products section(file:///D:/JAVA%20PRACTISE%20PROGRAMS/WIPRO%20-%20SELENIUM/CapstoneProject%20-%20DemoWebShop/src/test/resources/features/DwsEndtoEndScenarios.feature:41)
]]>
    </failure>
  </testcase> <!-- runScenario -->
  <testcase classname="com.demowebshop.runner.EndtoEndRunnerTestCase" name="runScenario" time="1.621"/>
  <testcase classname="com.demowebshop.runner.EndtoEndRunnerTestCase" name="runScenario" time="1.011"/>
  <testcase classname="com.demowebshop.runner.EndtoEndRunnerTestCase" name="runScenario" time="2.915"/>
  <testcase classname="com.demowebshop.runner.EndtoEndRunnerTestCase" name="runScenario" time="1.640"/>
  <testcase classname="com.demowebshop.runner.EndtoEndRunnerTestCase" name="runScenario" time="7.456"/>
</testsuite> <!-- com.demowebshop.runner.EndtoEndRunnerTestCase -->
