<?xml version="1.0" encoding="UTF-8"?>
<!-- Generated by org.testng.reporters.JUnitReportReporter -->
<testsuite hostname="kirubavathi" failures="1" tests="9" name="com.demowebshop.runner.ValidTestCase" time="65.570" errors="0" timestamp="2025-03-21T14:00:30 IST" skipped="0">
  <testcase classname="com.demowebshop.runner.ValidTestCase" name="runScenario" time="9.372"/>
  <testcase classname="com.demowebshop.runner.ValidTestCase" name="runScenario" time="12.464"/>
  <testcase classname="com.demowebshop.runner.ValidTestCase" name="runScenario" time="6.836"/>
  <testcase classname="com.demowebshop.runner.ValidTestCase" name="runScenario" time="2.480"/>
  <testcase classname="com.demowebshop.runner.ValidTestCase" name="runScenario" time="2.300"/>
  <testcase classname="com.demowebshop.runner.ValidTestCase" name="runScenario" time="9.493"/>
  <testcase classname="com.demowebshop.runner.ValidTestCase" name="runScenario" time="16.307">
    <failure message="Registration success message was not displayed! expected [true] but found [false]" type="java.lang.AssertionError">
      <![CDATA[java.lang.AssertionError: Registration success message was not displayed! expected [true] but found [false]
at org.testng.Assert.fail(Assert.java:111)
at org.testng.Assert.failNotEquals(Assert.java:1578)
at org.testng.Assert.assertTrue(Assert.java:57)
at com.demowebshop.stepdefinition.RegistrationLoginSteps.user_should_see_a_message_your_registration_completed(RegistrationLoginSteps.java:83)
at âœ½.user should see a success message(file:///D:/JAVA%20PRACTISE%20PROGRAMS/WIPRO%20-%20SELENIUM/CapstoneProject%20-%20DemoWebShop/src/test/resources/features/DwsValidScenario.feature:15)
]]>
    </failure>
  </testcase> <!-- runScenario -->
  <testcase classname="com.demowebshop.runner.ValidTestCase" name="runScenario" time="5.875"/>
  <testcase classname="com.demowebshop.runner.ValidTestCase" name="runScenario" time="0.443"/>
</testsuite> <!-- com.demowebshop.runner.ValidTestCase -->
