<?xml version="1.0" encoding="UTF-8"?>
<!-- Generated by org.testng.reporters.JUnitReportReporter -->
<testsuite hostname="kirubavathi" failures="1" tests="14" name="com.demowebshop.runner.DemowebshopRunnerTestCase" time="42.721" errors="0" timestamp="2025-03-21T22:13:49 IST" skipped="0">
  <testcase classname="com.demowebshop.runner.DemowebshopRunnerTestCase" name="runScenario" time="4.699"/>
  <testcase classname="com.demowebshop.runner.DemowebshopRunnerTestCase" name="runScenario" time="9.361"/>
  <testcase classname="com.demowebshop.runner.DemowebshopRunnerTestCase" name="runScenario" time="1.343"/>
  <testcase classname="com.demowebshop.runner.DemowebshopRunnerTestCase" name="runScenario" time="4.516"/>
  <testcase classname="com.demowebshop.runner.DemowebshopRunnerTestCase" name="runScenario" time="1.190"/>
  <testcase classname="com.demowebshop.runner.DemowebshopRunnerTestCase" name="runScenario" time="2.128"/>
  <testcase classname="com.demowebshop.runner.DemowebshopRunnerTestCase" name="runScenario" time="0.487">
    <failure message="Bug:&#039;Top Products&#039; section is missing on the homepage. Expected section not found." type="java.lang.AssertionError">
      <![CDATA[java.lang.AssertionError: Bug:'Top Products' section is missing on the homepage. Expected section not found.
at org.testng.Assert.fail(Assert.java:111)
at com.demowebshop.stepdefinition.HomeSearchSteps.user_verifies_top_products_section(HomeSearchSteps.java:57)
at âœ½.user verifies the presence of Top Products section(file:///D:/JAVA%20PRACTISE%20PROGRAMS/WIPRO%20-%20SELENIUM/CapstoneProject%20-%20DemoWebShop/src/test/resources/features/DwsHomeSearchProduct.feature:43)
]]>
    </failure>
  </testcase> <!-- runScenario -->
  <testcase classname="com.demowebshop.runner.DemowebshopRunnerTestCase" name="runScenario" time="5.279"/>
  <testcase classname="com.demowebshop.runner.DemowebshopRunnerTestCase" name="runScenario" time="1.653"/>
  <testcase classname="com.demowebshop.runner.DemowebshopRunnerTestCase" name="runScenario" time="3.820"/>
  <testcase classname="com.demowebshop.runner.DemowebshopRunnerTestCase" name="runScenario" time="1.748"/>
  <testcase classname="com.demowebshop.runner.DemowebshopRunnerTestCase" name="runScenario" time="2.499"/>
  <testcase classname="com.demowebshop.runner.DemowebshopRunnerTestCase" name="runScenario" time="1.726"/>
  <testcase classname="com.demowebshop.runner.DemowebshopRunnerTestCase" name="runScenario" time="2.272"/>
</testsuite> <!-- com.demowebshop.runner.DemowebshopRunnerTestCase -->
