<?xml version="1.0" encoding="UTF-8"?>
<!-- Generated by org.testng.reporters.JUnitReportReporter -->
<testsuite hostname="kirubavathi" failures="1" tests="5" name="com.demowebshop.runner.TestRunnerHomePage" time="8.888" errors="0" timestamp="2025-03-19T07:28:46 IST" skipped="0">
  <testcase classname="com.demowebshop.runner.TestRunnerHomePage" name="runScenario" time="1.715"/>
  <testcase classname="com.demowebshop.runner.TestRunnerHomePage" name="runScenario" time="3.783"/>
  <testcase classname="com.demowebshop.runner.TestRunnerHomePage" name="runScenario" time="0.409"/>
  <testcase classname="com.demowebshop.runner.TestRunnerHomePage" name="runScenario" time="2.692"/>
  <testcase classname="com.demowebshop.runner.TestRunnerHomePage" name="runScenario" time="0.289">
    <failure message="expected [true] but found [false]" type="java.lang.AssertionError">
      <![CDATA[java.lang.AssertionError: expected [true] but found [false]
at org.testng.Assert.fail(Assert.java:111)
at org.testng.Assert.failNotEquals(Assert.java:1578)
at org.testng.Assert.assertTrue(Assert.java:57)
at org.testng.Assert.assertTrue(Assert.java:67)
at com.demowebshop.stepdefinition.HomeSearchSteps.user_verifies_top_products_section(HomeSearchSteps.java:45)
at âœ½.user verifies the presence of Top Products section(file:///D:/JAVA%20PRACTISE%20PROGRAMS/WIPRO%20-%20SELENIUM/CapstoneProject%20-%20DemoWebShop/src/test/resources/features/DwsSearchHomePage.feature:22)
]]>
    </failure>
  </testcase> <!-- runScenario -->
</testsuite> <!-- com.demowebshop.runner.TestRunnerHomePage -->
